select round(avg(pagecategory)), min(pagename), max(pageinfo) from hive.wiki_origin.wikipedia where pagecount is not null and pagecount between {} and {};
select round(avg(pagecategory)), min(pagename), max(pageinfo) from hive.wiki_minmax.wikipedia where pagecount is not null and pagecount between {} and {};
select round(avg(pagecategory)), min(pagename), max(pageinfo) from hive.wiki_finger.wikipedia where pagecount is not null and pagecount between {} and {};
select round(avg(pagecategory)), min(pagename), max(pageinfo) from hive.wiki_gre.wikipedia where pagecount is not null and pagecount between {} and {};
select round(avg(pagecategory)), min(pagename), max(pageinfo) from hive.wiki_sieve.wikipedia where pagecount is not null and pagecount between {} and {};
**************test on selectivity 1e-05 *********************
For range (6174836, 6250464), optimize result is 15646, min max is 46904, greinedx is 46904, fingerprints is 49681,  sieve is 22689,minmax time is 0.06388664245605469, greindex time is 0.26151013374328613, fingerprints time is 0.19363665580749512, sieve time is 0.13669443130493164,
For range (17858217, 18926768), optimize result is 15613, min max is 43631, greinedx is 43631, fingerprints is 49681,  sieve is 19875,minmax time is 0.06081104278564453, greindex time is 0.23090171813964844, fingerprints time is 0.177992582321167, sieve time is 0.11515522003173828,
For range (5754069, 5818692), optimize result is 15838, min max is 47026, greinedx is 47026, fingerprints is 49681,  sieve is 22732,minmax time is 0.06179094314575195, greindex time is 0.23725366592407227, fingerprints time is 0.17788124084472656, sieve time is 0.12341856956481934,
For range (2986549, 3000972), optimize result is 16239, min max is 48144, greinedx is 48144, fingerprints is 49681,  sieve is 25116,minmax time is 0.06164240837097168, greindex time is 0.2635047435760498, fingerprints time is 0.17828869819641113, sieve time is 0.13386774063110352,
For range (4958909, 5005468), optimize result is 15943, min max is 47308, greinedx is 47308, fingerprints is 49681,  sieve is 23575,minmax time is 0.06110978126525879, greindex time is 0.23779582977294922, fingerprints time is 0.17760467529296875, sieve time is 0.13114023208618164,
For range (1558261, 1561786), optimize result is 16568, min max is 48740, greinedx is 48740, fingerprints is 49681,  sieve is 27991,minmax time is 0.057540178298950195, greindex time is 0.23084354400634766, fingerprints time is 0.17046427726745605, sieve time is 0.13819575309753418,
For range (4507686, 4545222), optimize result is 15990, min max is 47459, greinedx is 47459, fingerprints is 49681,  sieve is 23036,minmax time is 0.061531782150268555, greindex time is 0.23734307289123535, fingerprints time is 0.18969941139221191, sieve time is 0.12480854988098145,
For range (7273984, 7385112), optimize result is 15595, min max is 46626, greinedx is 46626, fingerprints is 49681,  sieve is 22434,minmax time is 0.060362815856933594, greindex time is 0.23508238792419434, fingerprints time is 0.17594647407531738, sieve time is 0.11932587623596191,
For range (6184405, 6260836), optimize result is 15741, min max is 46902, greinedx is 46902, fingerprints is 49681,  sieve is 22757,minmax time is 0.06095147132873535, greindex time is 0.2653045654296875, fingerprints time is 0.17823410034179688, sieve time is 0.12401056289672852,
For range (5565305, 5625549), optimize result is 15795, min max is 47100, greinedx is 47100, fingerprints is 49681,  sieve is 23261,minmax time is 0.060962677001953125, greindex time is 0.24095821380615234, fingerprints time is 0.17705750465393066, sieve time is 0.12761998176574707,
For range (5980334, 6050734), optimize result is 15725, min max is 46959, greinedx is 46959, fingerprints is 49681,  sieve is 22936,minmax time is 0.06415605545043945, greindex time is 0.2364499568939209, fingerprints time is 0.17593836784362793, sieve time is 0.1224818229675293,
For range (4462056, 4498801), optimize result is 16014, min max is 47475, greinedx is 47475, fingerprints is 49681,  sieve is 23553,minmax time is 0.0603334903717041, greindex time is 0.2360241413116455, fingerprints time is 0.17675232887268066, sieve time is 0.12378549575805664,
For range (9659890, 9888664), optimize result is 15501, min max is 46063, greinedx is 46063, fingerprints is 49681,  sieve is 21407,minmax time is 0.05583906173706055, greindex time is 0.23023366928100586, fingerprints time is 0.17052769660949707, sieve time is 0.1150517463684082,
For range (3816259, 3841266), optimize result is 16185, min max is 47747, greinedx is 47747, fingerprints is 49681,  sieve is 24278,minmax time is 0.060964345932006836, greindex time is 0.2372598648071289, fingerprints time is 0.17640185356140137, sieve time is 0.12584614753723145,
Saved min max io : 0.6508585890382451, saved greindex: 0.6508585890382451, saved fingerprints: 0.662771146581859, saved sieve io: 0.37574979065442027
Saved r min max io : 1.8990487659552953, r saved greindex: 1.8990487659552953, r saved fingerprints: 2.0081464016903054, r saved sieve io: 0.6436124743574813
Max Saved io than rough : 0
**************test on selectivity 0.0001 *********************
For range (5986988, 6790416), optimize result is 36529, min max is 46957, greinedx is 46957, fingerprints is 49681,  sieve is 37229,minmax time is 0.056276798248291016, greindex time is 0.2571091651916504, fingerprints time is 0.17522192001342773, sieve time is 0.21999549865722656,
For range (12422122, 19545712), optimize result is 36772, min max is 45313, greinedx is 45313, fingerprints is 49681,  sieve is 37233,minmax time is 0.058837175369262695, greindex time is 0.23285746574401855, fingerprints time is 0.17750096321105957, sieve time is 0.24715375900268555,
For range (4913783, 5413397), optimize result is 37039, min max is 47326, greinedx is 47326, fingerprints is 49681,  sieve is 37795,minmax time is 0.0598757266998291, greindex time is 0.2360367774963379, fingerprints time is 0.17622947692871094, sieve time is 0.23347187042236328,
For range (3338758, 3539368), optimize result is 37647, min max is 47979, greinedx is 47979, fingerprints is 49681,  sieve is 38446,minmax time is 0.06084299087524414, greindex time is 0.2375631332397461, fingerprints time is 0.18313145637512207, sieve time is 0.21707963943481445,
For range (6561279, 7575487), optimize result is 36516, min max is 46800, greinedx is 46800, fingerprints is 49681,  sieve is 37178,minmax time is 0.05961799621582031, greindex time is 0.2595834732055664, fingerprints time is 0.1753075122833252, sieve time is 0.2257852554321289,
For range (4665720, 5108975), optimize result is 37168, min max is 47401, greinedx is 47401, fingerprints is 49681,  sieve is 37926,minmax time is 0.06066322326660156, greindex time is 0.23647117614746094, fingerprints time is 0.1754140853881836, sieve time is 0.22258949279785156,
For range (12938494, 21231756), optimize result is 36987, min max is 45178, greinedx is 45178, fingerprints is 49681,  sieve is 37476,minmax time is 0.055219173431396484, greindex time is 0.2292957305908203, fingerprints time is 0.1693282127380371, sieve time is 0.2518885135650635,
For range (8075804, 9881969), optimize result is 36836, min max is 46447, greinedx is 46447, fingerprints is 49681,  sieve is 37432,minmax time is 0.05916595458984375, greindex time is 0.2339026927947998, fingerprints time is 0.17566704750061035, sieve time is 0.23426389694213867,
For range (7553625, 9036158), optimize result is 36624, min max is 46565, greinedx is 46565, fingerprints is 49681,  sieve is 37277,minmax time is 0.05576300621032715, greindex time is 0.2332916259765625, fingerprints time is 0.16938281059265137, sieve time is 0.22562479972839355,
For range (6246979, 7139313), optimize result is 36524, min max is 46883, greinedx is 46883, fingerprints is 49681,  sieve is 37262,minmax time is 0.05975699424743652, greindex time is 0.2344799041748047, fingerprints time is 0.17726826667785645, sieve time is 0.2226719856262207,
For range (9903206, 13084841), optimize result is 36040, min max is 46006, greinedx is 46006, fingerprints is 49681,  sieve is 36549,minmax time is 0.059610605239868164, greindex time is 0.23537302017211914, fingerprints time is 0.17644000053405762, sieve time is 0.23434662818908691,
For range (5768995, 6502421), optimize result is 36551, min max is 47018, greinedx is 47018, fingerprints is 49681,  sieve is 37256,minmax time is 0.058939456939697266, greindex time is 0.231642484664917, fingerprints time is 0.16936635971069336, sieve time is 0.21867132186889648,
Saved min max io : 0.18897049562730503, saved greindex: 0.18897049562730503, saved fingerprints: 0.21925014928577655, saved sieve io: 0.03546351500185039
Saved r min max io : 0.2362843528367925, r saved greindex: 0.2362843528367925, r saved fingerprints: 0.28590944819431147, r saved sieve io: 0.03759082506773439
Max Saved io than rough : 0
**************test on selectivity 0.001 *********************
For range (7357394, 188813659468), optimize result is 46606, min max is 46606, greinedx is 46606, fingerprints is 49681,  sieve is 46606,minmax time is 0.06132674217224121, greindex time is 0.23707127571105957, fingerprints time is 0.17727398872375488, sieve time is 0.5499927997589111,
For range (7545101, 188813659468), optimize result is 46567, min max is 46567, greinedx is 46567, fingerprints is 49681,  sieve is 46567,minmax time is 0.05987811088562012, greindex time is 0.23449015617370605, fingerprints time is 0.17938661575317383, sieve time is 0.564769983291626,
For range (12535848, 188813659468), optimize result is 45285, min max is 45285, greinedx is 45285, fingerprints is 49681,  sieve is 45285,minmax time is 0.05945181846618652, greindex time is 0.23421549797058105, fingerprints time is 0.17656588554382324, sieve time is 0.402813196182251,
For range (2075536, 3081648), optimize result is 47269, min max is 48502, greinedx is 48502, fingerprints is 49681,  sieve is 47293,minmax time is 0.061247825622558594, greindex time is 0.23869037628173828, fingerprints time is 0.1760416030883789, sieve time is 0.5845637321472168,
For range (6746796, 188813659468), optimize result is 46744, min max is 46744, greinedx is 46744, fingerprints is 49681,  sieve is 46744,minmax time is 0.05989408493041992, greindex time is 0.23639178276062012, fingerprints time is 0.1752026081085205, sieve time is 0.5889730453491211,
For range (3911485, 21959463), optimize result is 47156, min max is 47702, greinedx is 47702, fingerprints is 49681,  sieve is 47178,minmax time is 0.06111955642700195, greindex time is 0.23621392250061035, fingerprints time is 0.17638826370239258, sieve time is 0.7687382698059082,
For range (19043413, 188813659468), optimize result is 43222, min max is 43222, greinedx is 43222, fingerprints is 49681,  sieve is 43222,minmax time is 0.058786869049072266, greindex time is 0.22990012168884277, fingerprints time is 0.17539238929748535, sieve time is 0.3306410312652588,
For range (8001871, 188813659468), optimize result is 46463, min max is 46463, greinedx is 46463, fingerprints is 49681,  sieve is 46463,minmax time is 0.060064077377319336, greindex time is 0.23474383354187012, fingerprints time is 0.17542624473571777, sieve time is 0.5469486713409424,
For range (12701564, 188813659468), optimize result is 45236, min max is 45236, greinedx is 45236, fingerprints is 49681,  sieve is 45236,minmax time is 0.05985522270202637, greindex time is 0.2377166748046875, fingerprints time is 0.1765437126159668, sieve time is 0.39125680923461914,
For range (12845006, 188813659468), optimize result is 45202, min max is 45202, greinedx is 45202, fingerprints is 49681,  sieve is 45202,minmax time is 0.05487537384033203, greindex time is 0.22849774360656738, fingerprints time is 0.16887831687927246, sieve time is 0.3866407871246338,
Saved min max io : 0.014736323556029364, saved greindex: 0.014736323556029364, saved fingerprints: 0.05532094764598134, saved sieve io: 0.0005041234451271165
Saved r min max io : 0.015112772072970015, r saved greindex: 0.015112772072970015, r saved fingerprints: 0.05909030590641518, r saved sieve io: 0.0005053506524250482
Max Saved io than rough : 0
**************test on selectivity 0.01 *********************
For range (6583216, 188813659468), optimize result is 46792, min max is 46792, greinedx is 46792, fingerprints is 49681,  sieve is 46792,minmax time is 0.05811643600463867, greindex time is 0.22948360443115234, fingerprints time is 0.17502355575561523, sieve time is 0.5883123874664307,
For range (4955655, 188813659468), optimize result is 47310, min max is 47310, greinedx is 47310, fingerprints is 49681,  sieve is 47310,minmax time is 0.05990958213806152, greindex time is 0.23268580436706543, fingerprints time is 0.2076702117919922, sieve time is 0.7112081050872803,
For range (4838523, 188813659468), optimize result is 47351, min max is 47351, greinedx is 47351, fingerprints is 49681,  sieve is 47351,minmax time is 0.06006264686584473, greindex time is 0.23816251754760742, fingerprints time is 0.1755969524383545, sieve time is 0.7378294467926025,
For range (4201455, 188813659468), optimize result is 47580, min max is 47580, greinedx is 47580, fingerprints is 49681,  sieve is 47580,minmax time is 0.061278343200683594, greindex time is 0.23690295219421387, fingerprints time is 0.17588162422180176, sieve time is 0.8199400901794434,
For range (4861430, 188813659468), optimize result is 47341, min max is 47341, greinedx is 47341, fingerprints is 49681,  sieve is 47341,minmax time is 0.06043267250061035, greindex time is 0.23161721229553223, fingerprints time is 0.1749410629272461, sieve time is 0.7255566120147705,
For range (5642737, 188813659468), optimize result is 47057, min max is 47057, greinedx is 47057, fingerprints is 49681,  sieve is 47057,minmax time is 0.0603184700012207, greindex time is 0.2371842861175537, fingerprints time is 0.17611408233642578, sieve time is 0.6580679416656494,
For range (14339480, 188813659468), optimize result is 44728, min max is 44728, greinedx is 44728, fingerprints is 49681,  sieve is 44728,minmax time is 0.05701565742492676, greindex time is 0.2328357696533203, fingerprints time is 0.17688798904418945, sieve time is 0.40111541748046875,
For range (13911367, 188813659468), optimize result is 44868, min max is 44868, greinedx is 44868, fingerprints is 49681,  sieve is 44868,minmax time is 0.054785728454589844, greindex time is 0.23068952560424805, fingerprints time is 0.16991257667541504, sieve time is 0.36875176429748535,
For range (19783248, 188813659468), optimize result is 42986, min max is 42986, greinedx is 42986, fingerprints is 49681,  sieve is 42986,minmax time is 0.058609724044799805, greindex time is 0.2351677417755127, fingerprints time is 0.17627930641174316, sieve time is 0.31452226638793945,
For range (6627517, 188813659468), optimize result is 46779, min max is 46779, greinedx is 46779, fingerprints is 49681,  sieve is 46779,minmax time is 0.060489654541015625, greindex time is 0.23666715621948242, fingerprints time is 0.17676424980163574, sieve time is 0.5948035717010498,
For range (3504508, 188813659468), optimize result is 47895, min max is 47895, greinedx is 47895, fingerprints is 49681,  sieve is 47895,minmax time is 0.061061859130859375, greindex time is 0.23824715614318848, fingerprints time is 0.17700839042663574, sieve time is 0.9573397636413574,
Saved min max io : 0.0003203731211998214, saved greindex: 0.0003203731211998214, saved fingerprints: 0.03612782888159793, saved sieve io: 0.00013601450998831382
Saved r min max io : 0.00032118766385768184, r saved greindex: 0.00032118766385768184, r saved fingerprints: 0.038572213629014175, r saved sieve io: 0.00013618195772309097